<?xml version="1.0" encoding="UTF-8"?>
<!-- Generated by org.testng.reporters.JUnitReportReporter -->
<testsuite hostname="Shaunenoch" failures="0" tests="1" name="testcases.Recipe1" time="7.443" errors="0" timestamp="2023-12-13T01:14:57 EST" skipped="0">
  <testcase classname="testcases.Recipe1" name="recipes" time="7.443"/>
</testsuite> <!-- testcases.Recipe1 -->
